This is pdfTeX, Version 3.141592653-2.6-1.40.27 (TeX Live 2025) (preloaded format=pdflatex 2025.8.8)  5 JAN 2026 16:00
entering extended mode
 restricted \write18 enabled.
 file:line:error style messages enabled.
 %&-line parsing enabled.
**/Users/zerda/Seminar_Analysis/MyThesisStructure.tex
(/Users/zerda/Seminar_Analysis/MyThesisStructure.tex
LaTeX2e <2024-11-01> patch level 2
L3 programming layer <2025-01-18>
(/usr/local/texlive/2025basic/texmf-dist/tex/latex/base/article.cls
Document Class: article 2024/06/29 v1.4n Standard LaTeX document class
(/usr/local/texlive/2025basic/texmf-dist/tex/latex/base/size12.clo
File: size12.clo 2024/06/29 v1.4n Standard LaTeX file (size option)
)
\c@part=\count196
\c@section=\count197
\c@subsection=\count198
\c@subsubsection=\count199
\c@paragraph=\count266
\c@subparagraph=\count267
\c@figure=\count268
\c@table=\count269
\abovecaptionskip=\skip49
\belowcaptionskip=\skip50
\bibindent=\dimen141
) (/usr/local/texlive/2025basic/texmf-dist/tex/latex/base/fontenc.sty
Package: fontenc 2021/04/29 v2.0v Standard LaTeX package
) (/usr/local/texlive/2025basic/texmf-dist/tex/latex/base/inputenc.sty
Package: inputenc 2024/02/08 v1.3d Input encoding file
\inpenc@prehook=\toks17
\inpenc@posthook=\toks18
 (/usr/local/texlive/2025basic/texmf-dist/tex/latex/base/ansinew.def
File: ansinew.def 2024/02/08 v1.3d Input encoding file
)) (/usr/local/texlive/2025basic/texmf-dist/tex/latex/graphics/graphicx.sty
Package: graphicx 2021/09/16 v1.2d Enhanced LaTeX Graphics (DPC,SPQR)
 (/usr/local/texlive/2025basic/texmf-dist/tex/latex/graphics/keyval.sty
Package: keyval 2022/05/29 v1.15 key=value parser (DPC)
\KV@toks@=\toks19
) (/usr/local/texlive/2025basic/texmf-dist/tex/latex/graphics/graphics.sty
Package: graphics 2024/08/06 v1.4g Standard LaTeX Graphics (DPC,SPQR)
 (/usr/local/texlive/2025basic/texmf-dist/tex/latex/graphics/trig.sty
Package: trig 2023/12/02 v1.11 sin cos tan (DPC)
) (/usr/local/texlive/2025basic/texmf-dist/tex/latex/graphics-cfg/graphics.cfg
File: graphics.cfg 2016/06/04 v1.11 sample graphics configuration
)
Package graphics Info: Driver file: pdftex.def on input line 106.
 (/usr/local/texlive/2025basic/texmf-dist/tex/latex/graphics-def/pdftex.def
File: pdftex.def 2024/04/13 v1.2c Graphics/color driver for pdftex
))
\Gin@req@height=\dimen142
\Gin@req@width=\dimen143
) (/usr/local/texlive/2025basic/texmf-dist/tex/latex/eso-pic/eso-pic.sty
Package: eso-pic 2023/05/03 v3.0c eso-pic (RN)
\ESO@tempdima=\dimen144
\ESO@tempdimb=\dimen145
 (/usr/local/texlive/2025basic/texmf-dist/tex/latex/xcolor/xcolor.sty
Package: xcolor 2024/09/29 v3.02 LaTeX color extensions (UK)
 (/usr/local/texlive/2025basic/texmf-dist/tex/latex/graphics-cfg/color.cfg
File: color.cfg 2016/01/02 v1.6 sample color configuration
)
Package xcolor Info: Driver file: pdftex.def on input line 274.
 (/usr/local/texlive/2025basic/texmf-dist/tex/latex/graphics/mathcolor.ltx)
Package xcolor Info: Model `cmy' substituted by `cmy0' on input line 1349.
Package xcolor Info: Model `hsb' substituted by `rgb' on input line 1353.
Package xcolor Info: Model `RGB' extended on input line 1365.
Package xcolor Info: Model `HTML' substituted by `rgb' on input line 1367.
Package xcolor Info: Model `Hsb' substituted by `hsb' on input line 1368.
Package xcolor Info: Model `tHsb' substituted by `hsb' on input line 1369.
Package xcolor Info: Model `HSB' substituted by `hsb' on input line 1370.
Package xcolor Info: Model `Gray' substituted by `gray' on input line 1371.
Package xcolor Info: Model `wave' substituted by `hsb' on input line 1372.
)) (/usr/local/texlive/2025basic/texmf-dist/tex/latex/fancyhdr/fancyhdr.sty
Package: fancyhdr 2025/02/07 v5.2 Extensive control of page headers and footers
\f@nch@headwidth=\skip51
\f@nch@offset@elh=\skip52
\f@nch@offset@erh=\skip53
\f@nch@offset@olh=\skip54
\f@nch@offset@orh=\skip55
\f@nch@offset@elf=\skip56
\f@nch@offset@erf=\skip57
\f@nch@offset@olf=\skip58
\f@nch@offset@orf=\skip59
\f@nch@height=\skip60
\f@nch@footalignment=\skip61
\f@nch@widthL=\skip62
\f@nch@widthC=\skip63
\f@nch@widthR=\skip64
\@temptokenb=\toks20
) (/usr/local/texlive/2025basic/texmf-dist/tex/latex/pdfpages/pdfpages.sty
Package: pdfpages 2025/01/30 v0.6e Insert pages of external PDF documents (AM)
 (/usr/local/texlive/2025basic/texmf-dist/tex/latex/base/ifthen.sty
Package: ifthen 2024/03/16 v1.1e Standard LaTeX ifthen package (DPC)
) (/usr/local/texlive/2025basic/texmf-dist/tex/latex/tools/calc.sty
Package: calc 2023/07/08 v4.3 Infix arithmetic (KKT,FJ)
\calc@Acount=\count270
\calc@Bcount=\count271
\calc@Adimen=\dimen146
\calc@Bdimen=\dimen147
\calc@Askip=\skip65
\calc@Bskip=\skip66
LaTeX Info: Redefining \setlength on input line 80.
LaTeX Info: Redefining \addtolength on input line 81.
\calc@Ccount=\count272
\calc@Cskip=\skip67
) (/usr/local/texlive/2025basic/texmf-dist/tex/latex/etoolbox/etoolbox.sty
Package: etoolbox 2025/02/11 v2.5l e-TeX tools for LaTeX (JAW)
\etb@tempcnta=\count273
)
\AM@pagewidth=\dimen148
\AM@pageheight=\dimen149
\AM@fboxrule=\dimen150
 (/usr/local/texlive/2025basic/texmf-dist/tex/latex/pdfpages/pppdftex.def
File: pppdftex.def 2025/01/30 v0.6e Pdfpages driver for pdfTeX (AM)
)
\pdfpages@includegraphics@status=\count274
\AM@pagebox=\box52
\AM@global@opts=\toks21
\AM@pagecnt=\count275
\AM@toc@title=\toks22
\AM@lof@heading=\toks23
\c@AM@survey=\count276
\AM@templatesizebox=\box53
) (/usr/local/texlive/2025basic/texmf-dist/tex/latex/parskip/parskip.sty
Package: parskip 2021-03-14 v2.0h non-zero parskip adjustments
 (/usr/local/texlive/2025basic/texmf-dist/tex/latex/kvoptions/kvoptions.sty
Package: kvoptions 2022-06-15 v3.15 Key value format for package options (HO)
 (/usr/local/texlive/2025basic/texmf-dist/tex/generic/ltxcmds/ltxcmds.sty
Package: ltxcmds 2023-12-04 v1.26 LaTeX kernel commands for general use (HO)
) (/usr/local/texlive/2025basic/texmf-dist/tex/latex/kvsetkeys/kvsetkeys.sty
Package: kvsetkeys 2022-10-05 v1.19 Key value parser (HO)
))) (/usr/local/texlive/2025basic/texmf-dist/tex/latex/l3backend/l3backend-pdftex.def
File: l3backend-pdftex.def 2024-05-08 L3 backend support: PDF output (pdfTeX)
\l__color_backend_stack_int=\count277
\l__pdf_internal_box=\box54
)

LaTeX Warning: Unused global option(s):
    [twppages].

(./MyThesisStructure.aux)
\openout1 = `MyThesisStructure.aux'.

LaTeX Font Info:    Checking defaults for OML/cmm/m/it on input line 31.
LaTeX Font Info:    ... okay on input line 31.
LaTeX Font Info:    Checking defaults for OMS/cmsy/m/n on input line 31.
LaTeX Font Info:    ... okay on input line 31.
LaTeX Font Info:    Checking defaults for OT1/cmr/m/n on input line 31.
LaTeX Font Info:    ... okay on input line 31.
LaTeX Font Info:    Checking defaults for T1/cmr/m/n on input line 31.
LaTeX Font Info:    ... okay on input line 31.
LaTeX Font Info:    Checking defaults for TS1/cmr/m/n on input line 31.
LaTeX Font Info:    ... okay on input line 31.
LaTeX Font Info:    Checking defaults for OMX/cmex/m/n on input line 31.
LaTeX Font Info:    ... okay on input line 31.
LaTeX Font Info:    Checking defaults for U/cmr/m/n on input line 31.
LaTeX Font Info:    ... okay on input line 31.
 (/usr/local/texlive/2025basic/texmf-dist/tex/context/base/mkii/supp-pdf.mkii
[Loading MPS to PDF converter (version 2006.09.02).]
\scratchcounter=\count278
\scratchdimen=\dimen151
\scratchbox=\box55
\nofMPsegments=\count279
\nofMParguments=\count280
\everyMPshowfont=\toks24
\MPscratchCnt=\count281
\MPscratchDim=\dimen152
\MPnumerator=\count282
\makeMPintoPDFobject=\count283
\everyMPtoPDFconversion=\toks25
) (/usr/local/texlive/2025basic/texmf-dist/tex/latex/epstopdf-pkg/epstopdf-base.sty
Package: epstopdf-base 2020-01-24 v2.11 Base part for package epstopdf
Package epstopdf-base Info: Redefining graphics rule for `.eps' on input line 485.
 (/usr/local/texlive/2025basic/texmf-dist/tex/latex/latexconfig/epstopdf-sys.cfg
File: epstopdf-sys.cfg 2010/07/13 v1.3 Configuration of (r)epstopdf for TeX Live
)) (/usr/local/texlive/2025basic/texmf-dist/tex/latex/pdflscape/pdflscape.sty
Package: pdflscape 2022-10-27 v0.13 Display of landscape pages in PDF
 (/usr/local/texlive/2025basic/texmf-dist/tex/latex/pdflscape/pdflscape-nometadata.sty
Package: pdflscape-nometadata 2022-10-28 v0.13 Display of landscape pages in PDF (HO)
 (/usr/local/texlive/2025basic/texmf-dist/tex/generic/iftex/iftex.sty
Package: iftex 2024/12/12 v1.0g TeX engine tests
) (/usr/local/texlive/2025basic/texmf-dist/tex/latex/graphics/lscape.sty
Package: lscape 2020/05/28 v3.02 Landscape Pages (DPC)
)
Package pdflscape Info: Auto-detected driver: pdftex on input line 81.
))
Overfull \hbox (48.92834pt too wide) in paragraph at lines 48--50
\T1/cmr/bx/n/24.88 Digital Hu-man-ism or Empty Promises?
 []



<figures/logoDepartment.pdf, id=1, 324.2514pt x 72.9927pt>
File: figures/logoDepartment.pdf Graphic file (type pdf)
<use figures/logoDepartment.pdf>
Package pdftex.def Info: figures/logoDepartment.pdf  used on input line 82.
(pdftex.def)             Requested size: 97.27617pt x 21.89796pt.
<figures/background.pdf, id=2, 597.50786pt x 845.04686pt>
File: figures/background.pdf Graphic file (type pdf)
<use figures/background.pdf>
Package pdftex.def Info: figures/background.pdf  used on input line 82.
(pdftex.def)             Requested size: 597.5064pt x 845.0448pt.
[1

{/usr/local/texlive/2025basic/texmf-var/fonts/map/pdftex/updmap/pdftex.map}{/usr/local/texlive/2025basic/texmf-dist/fonts/enc/dvips/cm-super/cm-super-t1.enc} <./figures/background.pdf> <./figures/logoDepartment.pdf>]
Underfull \hbox (badness 10000) in paragraph at lines 94--95

 []



[2]

[3]

[4]

[5{/usr/local/texlive/2025basic/texmf-dist/fonts/enc/dvips/cm-super/cm-super-ts1.enc}]

[6]

[7]

[8]
LaTeX Font Info:    External font `cmex10' loaded for size
(Font)              <12> on input line 205.
LaTeX Font Info:    External font `cmex10' loaded for size
(Font)              <8> on input line 205.
LaTeX Font Info:    External font `cmex10' loaded for size
(Font)              <6> on input line 205.


[9]

[10]

[11]

[12]
Overfull \hbox (19.21811pt too wide) in paragraph at lines 313--314
\T1/cmr/m/n/12 whether the in-dus-try is pro-gress-ing to-wards the stan-dards of Dig-i-tal Humanism---
 []



[13]

[14]
Overfull \hbox (5.09508pt too wide) in paragraph at lines 344--345
\T1/cmr/m/n/12 Traditional gov-er-nance frame-works for ar-ti-fi-cial in-tel-li-gence sys-tems fre-quently
 []



[15] (./MyThesisStructure.bbl

LaTeX Warning: Empty `thebibliography' environment on input line 3.

)

[16] (./MyThesisStructure.aux)
 ***********
LaTeX2e <2024-11-01> patch level 2
L3 programming layer <2025-01-18>
 ***********
 ) 
Here is how much of TeX's memory you used:
 4154 strings out of 474662
 67014 string characters out of 5751110
 471013 words of memory out of 5000000
 27141 multiletter control sequences out of 15000+600000
 571092 words of font info for 58 fonts, out of 8000000 for 9000
 319 hyphenation exceptions out of 8191
 68i,15n,67p,1060b,403s stack positions out of 10000i,1000n,20000p,200000b,200000s
</usr/local/texlive/2025basic/texmf-dist/fonts/type1/public/cm-super/sfbx1095.pfb></usr/local/texlive/2025basic/texmf-dist/fonts/type1/public/cm-super/sfbx1200.pfb></usr/local/texlive/2025basic/texmf-dist/fonts/type1/public/cm-super/sfbx1440.pfb></usr/local/texlive/2025basic/texmf-dist/fonts/type1/public/cm-super/sfbx1728.pfb></usr/local/texlive/2025basic/texmf-dist/fonts/type1/public/cm-super/sfbx2488.pfb></usr/local/texlive/2025basic/texmf-dist/fonts/type1/public/cm-super/sfrm1095.pfb></usr/local/texlive/2025basic/texmf-dist/fonts/type1/public/cm-super/sfrm1200.pfb></usr/local/texlive/2025basic/texmf-dist/fonts/type1/public/cm-super/sfrm1440.pfb></usr/local/texlive/2025basic/texmf-dist/fonts/type1/public/cm-super/sfrm2074.pfb></usr/local/texlive/2025basic/texmf-dist/fonts/type1/public/cm-super/sfti1200.pfb>
Output written on MyThesisStructure.pdf (16 pages, 554232 bytes).
PDF statistics:
 122 PDF objects out of 1000 (max. 8388607)
 77 compressed objects within 1 object stream
 0 named destinations out of 1000 (max. 500000)
 11 words of extra memory for PDF output out of 10000 (max. 10000000)

